<?xml version="1.0" encoding="UTF-8"?>
<testng-results skipped="0" failed="0" ignored="0" total="1" passed="1">
  <reporter-output>
  </reporter-output>
  <suite name="Default suite" duration-ms="14906" started-at="2018-09-09T03:51:32Z" finished-at="2018-09-09T03:51:47Z">
    <groups>
    </groups>
    <test name="Default test" duration-ms="14906" started-at="2018-09-09T03:51:32Z" finished-at="2018-09-09T03:51:47Z">
      <class name="Describe.Describe.Demo07_Excel">
        <test-method status="PASS" signature="beforeTest()[pri:0, instance:Describe.Describe.Demo07_Excel@42d80b78]" name="beforeTest" is-config="true" duration-ms="4682" started-at="2018-09-09T03:51:32Z" finished-at="2018-09-09T03:51:37Z">
          <reporter-output>
          </reporter-output>
        </test-method> <!-- beforeTest -->
        <test-method status="PASS" signature="f()[pri:0, instance:Describe.Describe.Demo07_Excel@42d80b78]" name="f" duration-ms="10179" started-at="2018-09-09T03:51:37Z" finished-at="2018-09-09T03:51:47Z">
          <reporter-output>
          </reporter-output>
        </test-method> <!-- f -->
        <test-method status="PASS" signature="afterTest()[pri:0, instance:Describe.Describe.Demo07_Excel@42d80b78]" name="afterTest" is-config="true" duration-ms="1" started-at="2018-09-09T03:51:47Z" finished-at="2018-09-09T03:51:47Z">
          <reporter-output>
          </reporter-output>
        </test-method> <!-- afterTest -->
      </class> <!-- Describe.Describe.Demo07_Excel -->
    </test> <!-- Default test -->
  </suite> <!-- Default suite -->
</testng-results>
